23-Sep-2014 19:56:03
Loading and Visualizing Data ...

Training Neural Network... 
Iteration    1 | Accuracy: 88.30 | Time:    215.9
Iteration    2 | Accuracy: 88.35 | Time:    430.9
Iteration    3 | Accuracy: 88.43 | Time:    645.1
Iteration    4 | Accuracy: 88.45 | Time:    857.5
Iteration    5 | Accuracy: 88.50 | Time:   1139.4
Iteration    6 | Accuracy: 88.53 | Time:   1355.7
Iteration    7 | Accuracy: 88.57 | Time:   1572.7
Iteration    8 | Accuracy: 88.66 | Time:   1797.3
Iteration    9 | Accuracy: 88.64 | Time:   2038.5
Iteration   10 | Accuracy: 88.71 | Time:   2264.3
Iteration   11 | Accuracy: 88.77 | Time:   2480.2
Iteration   12 | Accuracy: 88.89 | Time:   3759.5
Iteration   13 | Accuracy: 88.84 | Time:   3970.1
Iteration   14 | Accuracy: 88.93 | Time:   4180.6
Iteration   15 | Accuracy: 88.89 | Time:   4392.0
Iteration   16 | Accuracy: 88.99 | Time:   5583.3
Iteration   17 | Accuracy: 88.95 | Time:   5794.0
Iteration   18 | Accuracy: 89.09 | Time:   6004.6
Iteration   19 | Accuracy: 89.06 | Time:   6216.0
Iteration   20 | Accuracy: 89.16 | Time:   6427.9
Iteration   21 | Accuracy: 89.11 | Time:   6714.8
Iteration   22 | Accuracy: 89.27 | Time:   7002.3
Iteration   23 | Accuracy: 89.23 | Time:   7289.6
Iteration   24 | Accuracy: 89.35 | Time:   7504.9
Iteration   25 | Accuracy: 89.33 | Time:   7723.1
Iteration   26 | Accuracy: 89.41 | Time:   7937.3
Iteration   27 | Accuracy: 89.45 | Time:   8153.8
Iteration   28 | Accuracy: 89.53 | Time:   8366.1
Iteration   29 | Accuracy: 89.54 | Time:   8657.2
Iteration   30 | Accuracy: 89.58 | Time:   8943.0
Iteration   31 | Accuracy: 89.57 | Time:   9155.4
Iteration   32 | Accuracy: 89.64 | Time:   9437.5
Iteration   33 | Accuracy: 89.59 | Time:   9649.6
Iteration   34 | Accuracy: 89.72 | Time:  10083.0
Iteration   35 | Accuracy: 89.59 | Time:  10300.0
Iteration   36 | Accuracy: 89.71 | Time:  10521.8
Iteration   37 | Accuracy: 89.73 | Time:  10740.2
Iteration   38 | Accuracy: 89.73 | Time:  10954.0
Iteration   39 | Accuracy: 89.74 | Time:  11169.7
Iteration   40 | Accuracy: 89.82 | Time:  11386.6
Iteration   41 | Accuracy: 89.77 | Time:  11601.2
Iteration   42 | Accuracy: 89.85 | Time:  11887.7
Iteration   43 | Accuracy: 89.84 | Time:  12097.7
Iteration   44 | Accuracy: 89.91 | Time:  12310.7
Iteration   45 | Accuracy: 89.86 | Time:  12522.7
Iteration   46 | Accuracy: 89.98 | Time:  12740.2
Iteration   47 | Accuracy: 89.98 | Time:  12957.9
Iteration   48 | Accuracy: 90.00 | Time:  13174.4
Iteration   49 | Accuracy: 90.04 | Time:  13387.7
Iteration   50 | Accuracy: 90.16 | Time:  13810.2
Iteration   51 | Accuracy: 90.06 | Time:  14027.7
Iteration   52 | Accuracy: 90.15 | Time:  14237.4
Iteration   53 | Accuracy: 90.12 | Time:  14446.9
Iteration   54 | Accuracy: 90.19 | Time:  14726.0
Iteration   55 | Accuracy: 90.16 | Time:  14935.3
Iteration   56 | Accuracy: 90.26 | Time:  15147.4
Iteration   57 | Accuracy: 90.22 | Time:  15357.1
Iteration   58 | Accuracy: 90.34 | Time:  15638.4
Iteration   59 | Accuracy: 90.42 | Time:  16832.8
Iteration   60 | Accuracy: 90.32 | Time:  17043.2
Iteration   61 | Accuracy: 90.44 | Time:  17254.5
Iteration   62 | Accuracy: 90.45 | Time:  17466.6
Iteration   63 | Accuracy: 90.52 | Time:  17747.1
Iteration   64 | Accuracy: 90.48 | Time:  17957.0
Iteration   65 | Accuracy: 90.58 | Time:  18171.7
Iteration   66 | Accuracy: 90.47 | Time:  18390.3
Iteration   67 | Accuracy: 90.59 | Time:  18603.0
Iteration   68 | Accuracy: 90.58 | Time:  18814.3
Iteration   69 | Accuracy: 90.65 | Time:  19244.1
Iteration   70 | Accuracy: 90.63 | Time:  19454.9
Iteration   71 | Accuracy: 90.63 | Time:  19665.6
Iteration   72 | Accuracy: 90.70 | Time:  19875.1
Iteration   73 | Accuracy: 90.75 | Time:  20999.2
Iteration   74 | Accuracy: 90.74 | Time:  21208.3
Iteration   75 | Accuracy: 90.74 | Time:  21419.3
Iteration   76 | Accuracy: 90.77 | Time:  21698.5
Iteration   77 | Accuracy: 90.82 | Time:  22117.3
Iteration   78 | Accuracy: 90.79 | Time:  22327.3
Iteration   79 | Accuracy: 90.83 | Time:  22536.2
Iteration   80 | Accuracy: 90.83 | Time:  22746.0
Iteration   81 | Accuracy: 90.84 | Time:  24006.9
Iteration   82 | Accuracy: 90.89 | Time:  24217.3
Iteration   83 | Accuracy: 90.89 | Time:  24497.3
Iteration   84 | Accuracy: 90.89 | Time:  24707.3
Iteration   85 | Accuracy: 90.90 | Time:  24917.5
Iteration   86 | Accuracy: 90.94 | Time:  25127.7
Iteration   87 | Accuracy: 90.92 | Time:  25338.2
Iteration   88 | Accuracy: 90.96 | Time:  25621.8
Iteration   89 | Accuracy: 90.99 | Time:  26115.3
Iteration   90 | Accuracy: 91.02 | Time:  26326.2
Iteration   91 | Accuracy: 90.99 | Time:  26542.2
Iteration   92 | Accuracy: 91.05 | Time:  26753.3
Iteration   93 | Accuracy: 91.05 | Time:  28043.7
Iteration   94 | Accuracy: 91.09 | Time:  28254.0
Iteration   95 | Accuracy: 91.12 | Time:  28534.2
Iteration   96 | Accuracy: 91.11 | Time:  28744.3
Iteration   97 | Accuracy: 91.17 | Time:  28955.7
Iteration   98 | Accuracy: 91.11 | Time:  29166.2
Iteration   99 | Accuracy: 91.20 | Time:  29375.9
Iteration  100 | Accuracy: 91.16 | Time:  29585.9
Iteration  101 | Accuracy: 91.22 | Time:  30704.6
Iteration  102 | Accuracy: 91.20 | Time:  30912.8
Iteration  103 | Accuracy: 91.24 | Time:  31122.6
Iteration  104 | Accuracy: 91.16 | Time:  31332.6
Iteration  105 | Accuracy: 91.27 | Time:  31544.7
Iteration  106 | Accuracy: 91.24 | Time:  31757.2
Iteration  107 | Accuracy: 91.30 | Time:  31966.8
Iteration  108 | Accuracy: 91.23 | Time:  32177.8
Iteration  109 | Accuracy: 91.32 | Time:  32387.2
Iteration  110 | Accuracy: 91.31 | Time:  32596.7
Iteration  111 | Accuracy: 91.39 | Time:  32805.6
Iteration  112 | Accuracy: 91.29 | Time:  33015.8
Iteration  113 | Accuracy: 91.43 | Time:  33226.5
Iteration  114 | Accuracy: 91.35 | Time:  33434.9
Iteration  115 | Accuracy: 91.41 | Time:  33645.3
Iteration  116 | Accuracy: 91.40 | Time:  33856.2
Iteration  117 | Accuracy: 91.45 | Time:  34065.8
Iteration  118 | Accuracy: 91.45 | Time:  34278.2
Iteration  119 | Accuracy: 91.46 | Time:  34488.4
Iteration  120 | Accuracy: 91.47 | Time:  34698.1
Iteration  121 | Accuracy: 91.48 | Time:  34908.3
Iteration  122 | Accuracy: 91.46 | Time:  35118.2
Iteration  123 | Accuracy: 91.52 | Time:  35327.4
Iteration  124 | Accuracy: 91.50 | Time:  35538.4
Iteration  125 | Accuracy: 91.58 | Time:  35749.0
Iteration  126 | Accuracy: 91.51 | Time:  35958.5
Iteration  127 | Accuracy: 91.63 | Time:  37190.2
Iteration  128 | Accuracy: 91.53 | Time:  37402.2
Iteration  129 | Accuracy: 91.60 | Time:  37681.7
Iteration  130 | Accuracy: 91.52 | Time:  37891.7
Iteration  131 | Accuracy: 91.67 | Time:  38103.6
Iteration  132 | Accuracy: 91.54 | Time:  38313.7
Iteration  133 | Accuracy: 91.68 | Time:  38735.7
Iteration  134 | Accuracy: 91.58 | Time:  38946.2
Iteration  135 | Accuracy: 91.69 | Time:  39159.6
Iteration  136 | Accuracy: 91.60 | Time:  39579.9
Iteration  137 | Accuracy: 91.77 | Time:  39790.2
Iteration  138 | Accuracy: 91.70 | Time:  40000.3
Iteration  139 | Accuracy: 91.86 | Time:  40210.7
Iteration  140 | Accuracy: 91.76 | Time:  40420.8
Iteration  141 | Accuracy: 91.88 | Time:  40854.8
Iteration  142 | Accuracy: 91.78 | Time:  41068.3
Iteration  143 | Accuracy: 91.88 | Time:  41278.3
Iteration  144 | Accuracy: 91.75 | Time:  41710.3
Iteration  145 | Accuracy: 91.97 | Time:  41920.0
Iteration  146 | Accuracy: 91.82 | Time:  42134.2
Iteration  147 | Accuracy: 91.95 | Time:  42350.8
Iteration  148 | Accuracy: 91.92 | Time:  42559.9
Iteration  149 | Accuracy: 91.97 | Time:  43755.3
Iteration  150 | Accuracy: 91.95 | Time:  43965.7
Iteration  151 | Accuracy: 92.04 | Time:  44384.5
Iteration  152 | Accuracy: 91.95 | Time:  44594.3
Iteration  153 | Accuracy: 92.03 | Time:  44808.5
Iteration  154 | Accuracy: 91.93 | Time:  45227.9
Iteration  155 | Accuracy: 92.07 | Time:  45439.1
Iteration  156 | Accuracy: 91.93 | Time:  45651.1
Iteration  157 | Accuracy: 92.06 | Time:  45860.6
Iteration  158 | Accuracy: 92.01 | Time:  46073.5
Iteration  159 | Accuracy: 92.08 | Time:  47300.0
Iteration  160 | Accuracy: 92.01 | Time:  47508.8
Iteration  161 | Accuracy: 92.11 | Time:  47858.3
Iteration  162 | Accuracy: 92.03 | Time:  48071.1
Iteration  163 | Accuracy: 92.09 | Time:  48280.7
Iteration  164 | Accuracy: 92.08 | Time:  48700.5
Iteration  165 | Accuracy: 92.18 | Time:  48910.2
Iteration  166 | Accuracy: 92.14 | Time:  49120.3
Iteration  167 | Accuracy: 92.16 | Time:  49330.6
Iteration  168 | Accuracy: 92.15 | Time:  49545.0
Iteration  169 | Accuracy: 92.20 | Time:  49963.4
Iteration  170 | Accuracy: 92.20 | Time:  50174.0
Iteration  171 | Accuracy: 92.24 | Time:  50594.3
Iteration  172 | Accuracy: 92.20 | Time:  50805.0
Iteration  173 | Accuracy: 92.22 | Time:  51015.2
Iteration  174 | Accuracy: 92.19 | Time:  51435.4
Iteration  175 | Accuracy: 92.34 | Time:  51647.4
Iteration  176 | Accuracy: 92.27 | Time:  51863.9
Iteration  177 | Accuracy: 92.31 | Time:  52080.9
Iteration  178 | Accuracy: 92.28 | Time:  52295.9
Iteration  179 | Accuracy: 92.34 | Time:  53484.0
Iteration  180 | Accuracy: 92.30 | Time:  53693.3
Iteration  181 | Accuracy: 92.39 | Time:  54112.8
Iteration  182 | Accuracy: 92.33 | Time:  54325.4
Iteration  183 | Accuracy: 92.39 | Time:  54606.1
Iteration  184 | Accuracy: 92.30 | Time:  54958.3
Iteration  185 | Accuracy: 92.41 | Time:  55173.2
Iteration  186 | Accuracy: 92.38 | Time:  55392.5
Iteration  187 | Accuracy: 92.49 | Time:  55612.0
Iteration  188 | Accuracy: 92.40 | Time:  55829.1
Iteration  189 | Accuracy: 92.51 | Time:  56046.2
Iteration  190 | Accuracy: 92.47 | Time:  56279.6
Iteration  191 | Accuracy: 92.56 | Time:  56769.1
Iteration  192 | Accuracy: 92.50 | Time:  57065.4
Iteration  193 | Accuracy: 92.56 | Time:  57502.4
Iteration  194 | Accuracy: 92.53 | Time:  57724.6
Iteration  195 | Accuracy: 92.62 | Time:  58160.9
Iteration  196 | Accuracy: 92.56 | Time:  58380.3
Iteration  197 | Accuracy: 92.61 | Time:  58866.2
Iteration  198 | Accuracy: 92.61 | Time:  59085.9
Iteration  199 | Accuracy: 92.63 | Time:  59581.1
Iteration  200 | Accuracy: 92.63 | Time:  60201.2
Program paused. Press enter to continue.

Visualizing Neural Network... 
