24-Sep-2014 12:53:10
Loading and Visualizing Data ...

Initializing Neural Network Parameters ...

Training Neural Network... 
Iteration    1 | Accuracy: 13.10 | Time:    144.7
Iteration    2 | Accuracy: 14.03 | Time:    290.7
Iteration    3 | Accuracy: 16.80 | Time:    505.6
Iteration    4 | Accuracy: 16.80 | Time:   2209.6
Iteration    5 | Accuracy: 17.56 | Time:   2442.8
Iteration    6 | Accuracy: 17.68 | Time:   2875.7
Iteration    7 | Accuracy: 17.83 | Time:   3186.2
Iteration    8 | Accuracy: 18.16 | Time:   3422.9
Iteration    9 | Accuracy: 33.78 | Time:   3569.0
Iteration   10 | Accuracy: 34.98 | Time:   3802.3
Iteration   11 | Accuracy: 34.20 | Time:   4022.2
Iteration   12 | Accuracy: 35.07 | Time:   4240.8
Iteration   13 | Accuracy: 35.07 | Time:   5821.0
Iteration   14 | Accuracy: 36.87 | Time:   6032.0
Iteration   15 | Accuracy: 36.71 | Time:   6314.0
Iteration   16 | Accuracy: 36.71 | Time:   7898.8
Iteration   17 | Accuracy: 37.40 | Time:   8111.7
Iteration   18 | Accuracy: 37.40 | Time:   9743.5
Iteration   19 | Accuracy: 37.65 | Time:  10095.2
Iteration   20 | Accuracy: 39.85 | Time:  10308.8
Iteration   21 | Accuracy: 39.85 | Time:  11870.1
Iteration   22 | Accuracy: 39.85 | Time:  13807.9
Iteration   23 | Accuracy: 39.85 | Time:  15802.9
Iteration   24 | Accuracy: 45.00 | Time:  16082.0
Iteration   25 | Accuracy: 45.33 | Time:  16481.3
Iteration   26 | Accuracy: 45.33 | Time:  18361.7
Iteration   27 | Accuracy: 47.19 | Time:  18576.2
Iteration   28 | Accuracy: 47.78 | Time:  18879.8
Iteration   29 | Accuracy: 47.78 | Time:  20779.1
Iteration   30 | Accuracy: 47.78 | Time:  22339.7
Iteration   31 | Accuracy: 49.81 | Time:  22568.3
Iteration   32 | Accuracy: 50.54 | Time:  22864.9
Iteration   33 | Accuracy: 50.54 | Time:  24843.5
Iteration   34 | Accuracy: 50.54 | Time:  26559.1
Iteration   35 | Accuracy: 50.54 | Time:  28419.5
Iteration   36 | Accuracy: 50.54 | Time:  30500.4
Iteration   37 | Accuracy: 51.27 | Time:  30809.6
Iteration   38 | Accuracy: 51.27 | Time:  32884.5
Iteration   39 | Accuracy: 51.27 | Time:  34934.1
Iteration   40 | Accuracy: 51.27 | Time:  36651.8
Iteration   41 | Accuracy: 52.23 | Time:  36910.7
Iteration   42 | Accuracy: 52.29 | Time:  37429.7
Iteration   43 | Accuracy: 52.29 | Time:  39056.6
Iteration   44 | Accuracy: 52.29 | Time:  40884.8
Iteration   45 | Accuracy: 52.98 | Time:  41181.1
Iteration   46 | Accuracy: 52.98 | Time:  43053.8
Iteration   47 | Accuracy: 52.98 | Time:  44674.4
Iteration   48 | Accuracy: 52.98 | Time:  46290.8
Iteration   49 | Accuracy: 52.98 | Time:  47918.8
Iteration   50 | Accuracy: 52.98 | Time:  49486.7
Iteration   51 | Accuracy: 53.00 | Time:  49773.0
Iteration   52 | Accuracy: 53.00 | Time:  51543.8
Iteration   53 | Accuracy: 53.00 | Time:  53362.7
Iteration   54 | Accuracy: 53.00 | Time:  55326.9
Iteration   55 | Accuracy: 53.00 | Time:  57050.3
Iteration   56 | Accuracy: 53.00 | Time:  58579.2
Iteration   57 | Accuracy: 53.00 | Time:  60108.6
Iteration   58 | Accuracy: 53.00 | Time:  61636.7
Iteration   59 | Accuracy: 53.49 | Time:  61915.0
Iteration   60 | Accuracy: 53.49 | Time:  63477.9
Iteration   61 | Accuracy: 53.49 | Time:  64937.3
Iteration   62 | Accuracy: 53.49 | Time:  66493.1
Iteration   63 | Accuracy: 54.56 | Time:  66704.2
Iteration   64 | Accuracy: 54.56 | Time:  68271.4
Iteration   65 | Accuracy: 54.56 | Time:  69855.3
Iteration   66 | Accuracy: 54.56 | Time:  71438.6
Iteration   67 | Accuracy: 54.56 | Time:  73317.4
Iteration   68 | Accuracy: 54.84 | Time:  73571.7
Iteration   69 | Accuracy: 54.84 | Time:  75521.1
Iteration   70 | Accuracy: 54.84 | Time:  77248.4
Iteration   71 | Accuracy: 54.84 | Time:  78984.5
Iteration   72 | Accuracy: 54.84 | Time:  80515.0
Iteration   73 | Accuracy: 55.40 | Time:  80729.5
Iteration   74 | Accuracy: 55.63 | Time:  81019.4
Iteration   75 | Accuracy: 55.75 | Time:  81235.8
Iteration   76 | Accuracy: 55.75 | Time:  82805.8
Iteration   77 | Accuracy: 56.10 | Time:  83015.4
Iteration   78 | Accuracy: 56.10 | Time:  84907.1
Iteration   79 | Accuracy: 57.27 | Time:  85118.8
Iteration   80 | Accuracy: 57.52 | Time:  85335.3
Iteration   81 | Accuracy: 57.52 | Time:  86906.8
Iteration   82 | Accuracy: 57.84 | Time:  87125.6
Iteration   83 | Accuracy: 58.24 | Time:  87340.2
Iteration   84 | Accuracy: 58.48 | Time:  87621.2
Iteration   85 | Accuracy: 59.88 | Time:  87831.8
Iteration   86 | Accuracy: 59.88 | Time:  89410.9
Iteration   87 | Accuracy: 59.88 | Time:  90944.1
Iteration   88 | Accuracy: 60.54 | Time:  91154.4
Iteration   89 | Accuracy: 60.54 | Time:  92689.4
Iteration   90 | Accuracy: 60.89 | Time:  92990.0
Iteration   91 | Accuracy: 61.27 | Time:  93447.2
Iteration   92 | Accuracy: 61.27 | Time:  95306.9
Iteration   93 | Accuracy: 61.27 | Time:  96843.2
Iteration   94 | Accuracy: 61.27 | Time:  98381.6
Iteration   95 | Accuracy: 61.99 | Time:  98680.5
Iteration   96 | Accuracy: 61.99 | Time: 100555.3
Iteration   97 | Accuracy: 62.09 | Time: 100852.0
Iteration   98 | Accuracy: 62.09 | Time: 102383.2
Iteration   99 | Accuracy: 62.09 | Time: 104282.0
Iteration  100 | Accuracy: 62.09 | Time: 106162.3
Iteration  101 | Accuracy: 62.09 | Time: 108052.0
Iteration  102 | Accuracy: 62.09 | Time: 109930.9
Iteration  103 | Accuracy: 62.09 | Time: 111511.6
Iteration  104 | Accuracy: 62.30 | Time: 111899.5
Iteration  105 | Accuracy: 62.30 | Time: 113797.6
Iteration  106 | Accuracy: 62.30 | Time: 115341.3
Iteration  107 | Accuracy: 62.30 | Time: 116885.6
Iteration  108 | Accuracy: 62.30 | Time: 118775.0
Iteration  109 | Accuracy: 62.30 | Time: 120314.1
Iteration  110 | Accuracy: 62.30 | Time: 121888.3
Iteration  111 | Accuracy: 62.30 | Time: 123461.5
Iteration  112 | Accuracy: 62.30 | Time: 125401.0
Iteration  113 | Accuracy: 64.30 | Time: 125615.8
Iteration  114 | Accuracy: 64.30 | Time: 127550.4
Iteration  115 | Accuracy: 64.30 | Time: 129297.7
Iteration  116 | Accuracy: 64.30 | Time: 130861.8
Iteration  117 | Accuracy: 64.30 | Time: 132739.8
Iteration  118 | Accuracy: 64.30 | Time: 134628.8
Iteration  119 | Accuracy: 64.46 | Time: 135012.4
Iteration  120 | Accuracy: 64.52 | Time: 135307.1
Iteration  121 | Accuracy: 64.62 | Time: 135514.7
Iteration  122 | Accuracy: 64.62 | Time: 137040.2
Iteration  123 | Accuracy: 65.12 | Time: 137337.3
Iteration  124 | Accuracy: 65.12 | Time: 138856.4
Iteration  125 | Accuracy: 65.12 | Time: 140758.2
Iteration  126 | Accuracy: 65.12 | Time: 142629.4
Iteration  127 | Accuracy: 65.12 | Time: 144452.0
Iteration  128 | Accuracy: 65.12 | Time: 146307.9
Iteration  129 | Accuracy: 65.12 | Time: 147845.2
Iteration  130 | Accuracy: 65.12 | Time: 149371.4
Iteration  131 | Accuracy: 65.12 | Time: 151235.6
Iteration  132 | Accuracy: 65.12 | Time: 152752.8
Iteration  133 | Accuracy: 65.12 | Time: 154303.9
Iteration  134 | Accuracy: 65.12 | Time: 155869.4
Iteration  135 | Accuracy: 65.12 | Time: 157404.8
Iteration  136 | Accuracy: 65.12 | Time: 159284.4
Iteration  137 | Accuracy: 64.76 | Time: 159492.4
Iteration  138 | Accuracy: 64.76 | Time: 161052.8
Iteration  139 | Accuracy: 65.57 | Time: 161268.0
Iteration  140 | Accuracy: 65.57 | Time: 162798.3
Iteration  141 | Accuracy: 65.57 | Time: 164381.3
Iteration  142 | Accuracy: 65.57 | Time: 165919.8
Iteration  143 | Accuracy: 65.57 | Time: 167454.4
Iteration  144 | Accuracy: 65.57 | Time: 168988.7
Iteration  145 | Accuracy: 65.57 | Time: 170858.4
Iteration  146 | Accuracy: 65.57 | Time: 172623.1
Iteration  147 | Accuracy: 66.04 | Time: 172903.1
Iteration  148 | Accuracy: 66.04 | Time: 174433.3
Iteration  149 | Accuracy: 66.04 | Time: 176131.4
Iteration  150 | Accuracy: 66.04 | Time: 177689.6
Iteration  151 | Accuracy: 66.04 | Time: 179221.1
Iteration  152 | Accuracy: 66.04 | Time: 180750.5
Iteration  153 | Accuracy: 66.04 | Time: 182454.9
Iteration  154 | Accuracy: 65.86 | Time: 182752.2
Iteration  155 | Accuracy: 65.86 | Time: 184289.6
Iteration  156 | Accuracy: 66.22 | Time: 184586.6
Iteration  157 | Accuracy: 66.22 | Time: 186112.5
Iteration  158 | Accuracy: 66.22 | Time: 187641.9
Iteration  159 | Accuracy: 66.22 | Time: 189358.1
Iteration  160 | Accuracy: 66.22 | Time: 190897.1
Iteration  161 | Accuracy: 66.22 | Time: 192763.6
Iteration  162 | Accuracy: 66.29 | Time: 193201.1
Iteration  163 | Accuracy: 66.29 | Time: 194734.7
Iteration  164 | Accuracy: 66.63 | Time: 195164.1
Iteration  165 | Accuracy: 66.63 | Time: 197069.7
Iteration  166 | Accuracy: 66.63 | Time: 198617.4
Iteration  167 | Accuracy: 66.63 | Time: 200152.7
Iteration  168 | Accuracy: 66.63 | Time: 202069.3
Iteration  169 | Accuracy: 66.63 | Time: 203607.1
Iteration  170 | Accuracy: 66.63 | Time: 205477.5
Iteration  171 | Accuracy: 66.63 | Time: 207358.4
Iteration  172 | Accuracy: 66.63 | Time: 209340.7
Iteration  173 | Accuracy: 66.63 | Time: 211223.7
Iteration  174 | Accuracy: 66.63 | Time: 212945.9
Iteration  175 | Accuracy: 66.63 | Time: 214485.7
Iteration  176 | Accuracy: 66.63 | Time: 216017.4
Iteration  177 | Accuracy: 66.63 | Time: 217907.1
Iteration  178 | Accuracy: 66.63 | Time: 219436.2
Iteration  179 | Accuracy: 66.68 | Time: 219855.7
Iteration  180 | Accuracy: 66.68 | Time: 221570.1
Iteration  181 | Accuracy: 66.68 | Time: 223096.4
Iteration  182 | Accuracy: 66.68 | Time: 225127.2
Iteration  183 | Accuracy: 66.68 | Time: 227014.1
Iteration  184 | Accuracy: 66.68 | Time: 228875.8
Iteration  185 | Accuracy: 66.68 | Time: 230595.1
Iteration  186 | Accuracy: 66.68 | Time: 232133.7
Iteration  187 | Accuracy: 66.68 | Time: 233665.3
Iteration  188 | Accuracy: 66.68 | Time: 235275.9
Iteration  189 | Accuracy: 66.68 | Time: 237164.9
Iteration  190 | Accuracy: 66.68 | Time: 238692.5
Iteration  191 | Accuracy: 66.68 | Time: 240561.7
Iteration  192 | Accuracy: 66.68 | Time: 242308.6
Iteration  193 | Accuracy: 66.06 | Time: 242557.0
Iteration  194 | Accuracy: 66.20 | Time: 243002.5
Iteration  195 | Accuracy: 66.20 | Time: 244665.5
Iteration  196 | Accuracy: 66.20 | Time: 246249.6
Iteration  197 | Accuracy: 66.20 | Time: 247786.3
Iteration  198 | Accuracy: 66.47 | Time: 248084.5
Iteration  199 | Accuracy: 66.47 | Time: 249622.7
Iteration  200 | Accuracy: 66.47 | Time: 251162.8
Iteration  201 | Accuracy: 66.93 | Time: 251372.5
Iteration  202 | Accuracy: 66.93 | Time: 252972.8
Iteration  203 | Accuracy: 67.22 | Time: 253292.6
Iteration  204 | Accuracy: 67.22 | Time: 254940.1
Iteration  205 | Accuracy: 67.21 | Time: 255512.0
Iteration  206 | Accuracy: 67.21 | Time: 257171.6
Iteration  207 | Accuracy: 67.21 | Time: 258788.0
Iteration  208 | Accuracy: 67.21 | Time: 260487.9
Iteration  209 | Accuracy: 67.21 | Time: 262323.5
Iteration  210 | Accuracy: 67.21 | Time: 263878.6
Iteration  211 | Accuracy: 67.21 | Time: 265409.6
Iteration  212 | Accuracy: 67.21 | Time: 266976.9
Iteration  213 | Accuracy: 67.21 | Time: 268733.2
Iteration  214 | Accuracy: 67.21 | Time: 270433.3
Iteration  215 | Accuracy: 67.21 | Time: 271998.6
Iteration  216 | Accuracy: 66.79 | Time: 272207.7
Iteration  217 | Accuracy: 66.79 | Time: 273772.7
Iteration  218 | Accuracy: 66.79 | Time: 275302.7
Iteration  219 | Accuracy: 66.79 | Time: 277179.9
Iteration  220 | Accuracy: 66.79 | Time: 278705.2
Iteration  221 | Accuracy: 66.79 | Time: 280234.8
Iteration  222 | Accuracy: 66.79 | Time: 281760.1
Iteration  223 | Accuracy: 66.79 | Time: 283299.8
Iteration  224 | Accuracy: 66.79 | Time: 285034.1
Iteration  225 | Accuracy: 66.79 | Time: 286751.5
Iteration  226 | Accuracy: 66.79 | Time: 288278.3
Iteration  227 | Accuracy: 66.79 | Time: 289849.4
Iteration  228 | Accuracy: 66.79 | Time: 291381.9
Iteration  229 | Accuracy: 66.79 | Time: 292909.1
Iteration  230 | Accuracy: 66.79 | Time: 294437.2
Iteration  231 | Accuracy: 66.79 | Time: 295971.2
Iteration  232 | Accuracy: 66.14 | Time: 296189.2
Iteration  233 | Accuracy: 66.14 | Time: 297721.4
Iteration  234 | Accuracy: 66.14 | Time: 299249.1
Iteration  235 | Accuracy: 66.21 | Time: 299616.1
Iteration  236 | Accuracy: 66.21 | Time: 301177.7
Iteration  237 | Accuracy: 66.21 | Time: 302783.6
Iteration  238 | Accuracy: 66.21 | Time: 304520.8
Iteration  239 | Accuracy: 66.58 | Time: 304807.1
Iteration  240 | Accuracy: 66.58 | Time: 306569.9
Iteration  241 | Accuracy: 66.58 | Time: 308527.9
Iteration  242 | Accuracy: 66.58 | Time: 310241.8
Iteration  243 | Accuracy: 66.58 | Time: 311949.2
Iteration  244 | Accuracy: 66.58 | Time: 313801.9
Iteration  245 | Accuracy: 66.58 | Time: 315501.7
Iteration  246 | Accuracy: 66.58 | Time: 317246.6
Iteration  247 | Accuracy: 66.58 | Time: 318767.1
Iteration  248 | Accuracy: 66.58 | Time: 320297.4
Iteration  249 | Accuracy: 66.58 | Time: 321819.2
Iteration  250 | Accuracy: 66.58 | Time: 323373.4
Iteration  251 | Accuracy: 66.58 | Time: 325190.9
Iteration  252 | Accuracy: 66.58 | Time: 326741.9
Iteration  253 | Accuracy: 66.58 | Time: 328284.5
Iteration  254 | Accuracy: 66.58 | Time: 329854.3
Iteration  255 | Accuracy: 66.58 | Time: 331411.5
Iteration  256 | Accuracy: 66.58 | Time: 332995.0
Iteration  257 | Accuracy: 68.02 | Time: 333203.1
Iteration  258 | Accuracy: 68.02 | Time: 335056.4
Iteration  259 | Accuracy: 68.02 | Time: 336833.8
Iteration  260 | Accuracy: 68.02 | Time: 338795.2
Iteration  261 | Accuracy: 68.02 | Time: 340430.6
Iteration  262 | Accuracy: 68.02 | Time: 342007.0
Iteration  263 | Accuracy: 68.02 | Time: 343885.1
Iteration  264 | Accuracy: 68.02 | Time: 345425.8
Iteration  265 | Accuracy: 68.02 | Time: 346955.8
Iteration  266 | Accuracy: 68.02 | Time: 348521.2
Iteration  267 | Accuracy: 68.02 | Time: 350239.3
Iteration  268 | Accuracy: 68.02 | Time: 351812.6
Iteration  269 | Accuracy: 68.02 | Time: 353564.2
Iteration  270 | Accuracy: 68.02 | Time: 355288.8
Iteration  271 | Accuracy: 68.02 | Time: 356811.2
Iteration  272 | Accuracy: 68.02 | Time: 358358.2
Iteration  273 | Accuracy: 68.02 | Time: 359914.7
Iteration  274 | Accuracy: 68.02 | Time: 361449.3
Iteration  275 | Accuracy: 68.02 | Time: 362983.0
Iteration  276 | Accuracy: 68.02 | Time: 364568.3
Iteration  277 | Accuracy: 68.02 | Time: 366130.7
Iteration  278 | Accuracy: 68.02 | Time: 367673.0
Iteration  279 | Accuracy: 68.02 | Time: 369199.5
Iteration  280 | Accuracy: 68.02 | Time: 370731.0
Iteration  281 | Accuracy: 68.02 | Time: 372258.1
Iteration  282 | Accuracy: 67.94 | Time: 372716.5
Iteration  283 | Accuracy: 67.94 | Time: 374247.3
Iteration  284 | Accuracy: 67.94 | Time: 375777.8
Iteration  285 | Accuracy: 67.94 | Time: 377517.7
Iteration  286 | Accuracy: 67.94 | Time: 379236.7
Iteration  287 | Accuracy: 67.94 | Time: 380766.3
Iteration  288 | Accuracy: 67.94 | Time: 382297.3
Iteration  289 | Accuracy: 69.64 | Time: 382505.8
Iteration  290 | Accuracy: 69.64 | Time: 384202.2
Iteration  291 | Accuracy: 69.64 | Time: 385732.1
Iteration  292 | Accuracy: 69.64 | Time: 387295.6
Iteration  293 | Accuracy: 69.64 | Time: 388852.6
Iteration  294 | Accuracy: 69.88 | Time: 389219.8
Iteration  295 | Accuracy: 69.88 | Time: 390758.2
Iteration  296 | Accuracy: 69.88 | Time: 392327.1
Iteration  297 | Accuracy: 69.88 | Time: 393879.2
Iteration  298 | Accuracy: 69.88 | Time: 395429.2
Iteration  299 | Accuracy: 69.88 | Time: 397003.2
Iteration  300 | Accuracy: 69.70 | Time: 397373.2